<?xml version="1.0" encoding="UTF-8"?>
<!-- Generated by org.testng.reporters.JUnitXMLReporter -->
<testsuite ignored="0" hostname="Abi" failures="0" tests="4" name="Test" time="67.509" errors="0" timestamp="2020-04-29T08:57:53 MST">
  <testcase classname="com.testcases.RecuritmentSearchTC" name="RecruitmentAdd" time="3.738"/>
  <testcase classname="com.testcases.AdminSearchTC" name="AdminSearch" time="2.497"/>
  <testcase classname="com.testcases.AdminSearchTC" name="AddSearch" time="2.927"/>
  <testcase classname="com.testcases.LoginHrmTestcase" name="OrangeHRMLogin" time="1.532"/>
</testsuite> <!-- Test -->
