<?xml version="1.0" encoding="UTF-8"?>
<!-- Generated by org.testng.reporters.JUnitXMLReporter -->
<testsuite ignored="0" hostname="Abi" failures="1" tests="5" name="Test" time="7.768" errors="0" timestamp="2020-05-25T11:15:46 MST">
  <testcase classname="com.testcases.RecuritmentSearchTC" name="@BeforeMethod startUp" time="4.35">
    <failure type="java.lang.NullPointerException">
      <![CDATA[java.lang.NullPointerException
at org.openqa.selenium.support.pagefactory.DefaultElementLocator.findElement(DefaultElementLocator.java:69)
at org.openqa.selenium.support.pagefactory.internal.LocatingElementHandler.invoke(LocatingElementHandler.java:38)
at com.sun.proxy.$Proxy10.sendKeys(Unknown Source)
at com.pages.loginHrm.clickSummit(loginHrm.java:34)
at com.testcases.RecuritmentSearchTC.startUp(RecuritmentSearchTC.java:21)
at java.base/java.util.ArrayList.forEach(ArrayList.java:1507)
... Removed 34 stack frames]]>
    </failure>
  </testcase> <!-- @BeforeMethod startUp -->
  <testcase classname="com.testcases.RecuritmentSearchTC" name="@AfterMethod close" time="-1.590430542848E9">
    <skipped/>
  </testcase> <!-- @AfterMethod close -->
  <testcase classname="com.testcases.RecuritmentSearchTC" name="@BeforeMethod startUp" time="-1.590430542852E9">
    <skipped/>
  </testcase> <!-- @BeforeMethod startUp -->
  <testcase classname="com.testcases.RecuritmentSearchTC" name="@AfterMethod close" time="-1.590430542854E9">
    <skipped/>
  </testcase> <!-- @AfterMethod close -->
  <testcase classname="com.testcases.AdminSearchTC" name="@BeforeMethod startUp" time="1.445">
    <failure type="java.lang.NullPointerException">
      <![CDATA[java.lang.NullPointerException
at org.openqa.selenium.support.pagefactory.DefaultElementLocator.findElement(DefaultElementLocator.java:69)
at org.openqa.selenium.support.pagefactory.internal.LocatingElementHandler.invoke(LocatingElementHandler.java:38)
at com.sun.proxy.$Proxy10.sendKeys(Unknown Source)
at com.pages.loginHrm.clickSummit(loginHrm.java:34)
at com.testcases.AdminSearchTC.startUp(AdminSearchTC.java:20)
at java.base/java.util.ArrayList.forEach(ArrayList.java:1507)
... Removed 34 stack frames]]>
    </failure>
  </testcase> <!-- @BeforeMethod startUp -->
  <testcase classname="com.testcases.AdminSearchTC" name="@AfterMethod close" time="-1.590430544304E9">
    <skipped/>
  </testcase> <!-- @AfterMethod close -->
  <testcase classname="com.testcases.AdminSearchTC" name="@BeforeMethod startUp" time="-1.590430544306E9">
    <skipped/>
  </testcase> <!-- @BeforeMethod startUp -->
  <testcase classname="com.testcases.AdminSearchTC" name="@AfterMethod close" time="-1.590430544308E9">
    <skipped/>
  </testcase> <!-- @AfterMethod close -->
  <testcase classname="com.testcases.RecuritmentSearchTC" name="RecruitmentSearch" time="0.0">
    <skipped/>
  </testcase> <!-- RecruitmentSearch -->
  <testcase classname="com.testcases.RecuritmentSearchTC" name="RecruitmentAdd" time="0.0">
    <skipped/>
  </testcase> <!-- RecruitmentAdd -->
  <testcase classname="com.testcases.AdminSearchTC" name="AdminSearch" time="0.0">
    <skipped/>
  </testcase> <!-- AdminSearch -->
  <testcase classname="com.testcases.AdminSearchTC" name="AddSearch" time="0.0">
    <skipped/>
  </testcase> <!-- AddSearch -->
  <testcase classname="com.testcases.LoginHrmTestcase" name="OrangeHRMLogin" time="1.881">
    <failure type="org.testng.internal.reflect.MethodMatcherException" message="
[public void com.testcases.LoginHrmTestcase.OrangeHRMLogin(java.lang.String,java.lang.String) throws java.io.IOException] has no parameters defined but was found to be using a data provider (either explicitly specified or inherited from class level annotation).
Data provider mismatch
Method: OrangeHRMLogin([Parameter{index=0, type=java.lang.String, declaredAnnotations=[]}, Parameter{index=1, type=java.lang.String, declaredAnnotations=[]}])
Arguments: [(java.lang.String) admin123,(java.lang.String) admin123,(java.lang.String) admin123]">
      <![CDATA[org.testng.internal.reflect.MethodMatcherException: 
[public void com.testcases.LoginHrmTestcase.OrangeHRMLogin(java.lang.String,java.lang.String) throws java.io.IOException] has no parameters defined but was found to be using a data provider (either explicitly specified or inherited from class level annotation).
Data provider mismatch
Method: OrangeHRMLogin([Parameter{index=0, type=java.lang.String, declaredAnnotations=[]}, Parameter{index=1, type=java.lang.String, declaredAnnotations=[]}])
Arguments: [(java.lang.String) admin123,(java.lang.String) admin123,(java.lang.String) admin123]
at java.base/java.util.ArrayList.forEach(ArrayList.java:1507)
... Removed 25 stack frames]]>
    </failure>
  </testcase> <!-- OrangeHRMLogin -->
</testsuite> <!-- Test -->
