<?xml version="1.0" encoding="UTF-8"?>
<testsuite name="TestSuite" time="8.529" tests="13" errors="0" skipped="10" failures="3">
  <properties>
[...]
</properties>
  <testcase name="startUp" classname="com.testcases.RecuritmentSearchTC" time="5.193">
    <failure type="java.lang.NullPointerException:">java.lang.NullPointerException: null
	at org.openqa.selenium.support.pagefactory.DefaultElementLocator.findElement(DefaultElementLocator.java:69)
	at org.openqa.selenium.support.pagefactory.internal.LocatingElementHandler.invoke(LocatingElementHandler.java:38)
	at com.sun.proxy.$Proxy10.sendKeys(Unknown Source)
	at com.pages.loginHrm.clickSummit(loginHrm.java:34)
	at com.testcases.RecuritmentSearchTC.startUp(RecuritmentSearchTC.java:21)
</failure>
    <system-out><![CDATA[Browser cannot be launched
]]></system-out>
    <system-err><![CDATA[Starting ChromeDriver 80.0.3987.106 (f68069574609230cf9b635cd784cfb1bf81bb53a-refs/branch-heads/3987@{#882}) on port 11426
Only local connections are allowed.
Please protect ports used by ChromeDriver and related test frameworks to prevent access by malicious code.
]]></system-err>
  </testcase>
  <testcase name="startUp" classname="com.testcases.RecuritmentSearchTC" time="0">
    <skipped/>
  </testcase>
  <testcase name="RecruitmentSearch" classname="com.testcases.RecuritmentSearchTC" time="0">
    <skipped/>
  </testcase>
  <testcase name="close" classname="com.testcases.RecuritmentSearchTC" time="0">
    <skipped/>
  </testcase>
  <testcase name="close" classname="com.testcases.RecuritmentSearchTC" time="0">
    <skipped/>
  </testcase>
  <testcase name="RecruitmentAdd" classname="com.testcases.RecuritmentSearchTC" time="0">
    <skipped/>
  </testcase>
  <testcase name="startUp" classname="com.testcases.AdminSearchTC" time="1.45">
    <failure type="java.lang.NullPointerException:">java.lang.NullPointerException: null
	at org.openqa.selenium.support.pagefactory.DefaultElementLocator.findElement(DefaultElementLocator.java:69)
	at org.openqa.selenium.support.pagefactory.internal.LocatingElementHandler.invoke(LocatingElementHandler.java:38)
	at com.sun.proxy.$Proxy10.sendKeys(Unknown Source)
	at com.pages.loginHrm.clickSummit(loginHrm.java:34)
	at com.testcases.AdminSearchTC.startUp(AdminSearchTC.java:20)
</failure>
    <system-out><![CDATA[Browser cannot be launched
]]></system-out>
    <system-err><![CDATA[Starting ChromeDriver 80.0.3987.106 (f68069574609230cf9b635cd784cfb1bf81bb53a-refs/branch-heads/3987@{#882}) on port 36225
Only local connections are allowed.
Please protect ports used by ChromeDriver and related test frameworks to prevent access by malicious code.
]]></system-err>
  </testcase>
  <testcase name="startUp" classname="com.testcases.AdminSearchTC" time="0">
    <skipped/>
  </testcase>
  <testcase name="AdminSearch" classname="com.testcases.AdminSearchTC" time="0">
    <skipped/>
  </testcase>
  <testcase name="close" classname="com.testcases.AdminSearchTC" time="0">
    <skipped/>
  </testcase>
  <testcase name="close" classname="com.testcases.AdminSearchTC" time="0">
    <skipped/>
  </testcase>
  <testcase name="AddSearch" classname="com.testcases.AdminSearchTC" time="0">
    <skipped/>
  </testcase>
  <testcase name="OrangeHRMLogin" classname="com.testcases.LoginHrmTestcase" time="1.886">
    <failure message="&#10;[public void com.testcases.LoginHrmTestcase.OrangeHRMLogin(java.lang.String,java.lang.String) throws java.io.IOException] has no parameters defined but was found to be using a data provider (either explicitly specified or inherited from class level annotation).&#10;Data provider mismatch&#10;Method: OrangeHRMLogin([Parameter{index=0, type=java.lang.String, declaredAnnotations=[]}, Parameter{index=1, type=java.lang.String, declaredAnnotations=[]}])&#10;Arguments: [(java.lang.String) admin123,(java.lang.String) admin123,(java.lang.String) admin123]" type="org.testng.internal.reflect.MethodMatcherException">org.testng.internal.reflect.MethodMatcherException: 
[public void com.testcases.LoginHrmTestcase.OrangeHRMLogin(java.lang.String,java.lang.String) throws java.io.IOException] has no parameters defined but was found to be using a data provider (either explicitly specified or inherited from class level annotation).
Data provider mismatch
Method: OrangeHRMLogin([Parameter{index=0, type=java.lang.String, declaredAnnotations=[]}, Parameter{index=1, type=java.lang.String, declaredAnnotations=[]}])
Arguments: [(java.lang.String) admin123,(java.lang.String) admin123,(java.lang.String) admin123]
	at org.testng.internal.reflect.DataProviderMethodMatcher.getConformingArguments(DataProviderMethodMatcher.java:43)
	at org.testng.internal.Parameters.injectParameters(Parameters.java:925)
	at org.testng.internal.MethodRunner.runInSequence(MethodRunner.java:34)
	at org.testng.internal.TestInvoker$MethodInvocationAgent.invoke(TestInvoker.java:804)
	at org.testng.internal.TestInvoker.invokeTestMethods(TestInvoker.java:145)
	at org.testng.internal.TestMethodWorker.invokeTestMethods(TestMethodWorker.java:146)
	at org.testng.internal.TestMethodWorker.run(TestMethodWorker.java:128)
	at java.base/java.util.ArrayList.forEach(ArrayList.java:1507)
	at org.testng.TestRunner.privateRun(TestRunner.java:770)
	at org.testng.TestRunner.run(TestRunner.java:591)
	at org.testng.SuiteRunner.runTest(SuiteRunner.java:402)
	at org.testng.SuiteRunner.runSequentially(SuiteRunner.java:396)
	at org.testng.SuiteRunner.privateRun(SuiteRunner.java:355)
	at org.testng.SuiteRunner.run(SuiteRunner.java:304)
	at org.testng.SuiteRunnerWorker.runSuite(SuiteRunnerWorker.java:53)
	at org.testng.SuiteRunnerWorker.run(SuiteRunnerWorker.java:96)
	at org.testng.TestNG.runSuitesSequentially(TestNG.java:1180)
	at org.testng.TestNG.runSuitesLocally(TestNG.java:1102)
	at org.testng.TestNG.runSuites(TestNG.java:1032)
	at org.testng.TestNG.run(TestNG.java:1000)
	at org.apache.maven.surefire.testng.TestNGExecutor.run(TestNGExecutor.java:295)
	at org.apache.maven.surefire.testng.TestNGXmlTestSuite.execute(TestNGXmlTestSuite.java:84)
	at org.apache.maven.surefire.testng.TestNGProvider.invoke(TestNGProvider.java:90)
	at org.apache.maven.surefire.booter.ForkedBooter.invokeProviderInSameClassLoader(ForkedBooter.java:203)
	at org.apache.maven.surefire.booter.ForkedBooter.runSuitesInProcess(ForkedBooter.java:155)
	at org.apache.maven.surefire.booter.ForkedBooter.main(ForkedBooter.java:103)
</failure>
  </testcase>
</testsuite>