<?xml version="1.0" encoding="UTF-8"?>
<testng-results ignored="0" total="2" passed="2" failed="0" skipped="0">
  <reporter-output>
  </reporter-output>
  <suite started-at="2020-05-26T13:58:05 MST" name="Default suite" finished-at="2020-05-26T13:58:33 MST" duration-ms="27732">
    <groups>
    </groups>
    <test started-at="2020-05-26T13:58:05 MST" name="Default test" finished-at="2020-05-26T13:58:33 MST" duration-ms="27732">
      <class name="com.testcases.AdminSearchTC">
        <test-method is-config="true" signature="startUp()[pri:0, instance:com.testcases.AdminSearchTC@4c1d9d4b]" started-at="2020-05-26T13:58:05 MST" name="startUp" finished-at="2020-05-26T13:58:17 MST" duration-ms="11832" status="PASS">
          <reporter-output>
          </reporter-output>
        </test-method> <!-- startUp -->
        <test-method signature="AdminSearch()[pri:1, instance:com.testcases.AdminSearchTC@4c1d9d4b]" started-at="2020-05-26T13:58:17 MST" name="AdminSearch" finished-at="2020-05-26T13:58:19 MST" duration-ms="2392" status="PASS">
          <reporter-output>
          </reporter-output>
        </test-method> <!-- AdminSearch -->
        <test-method is-config="true" signature="close()[pri:0, instance:com.testcases.AdminSearchTC@4c1d9d4b]" started-at="2020-05-26T13:58:19 MST" name="close" finished-at="2020-05-26T13:58:20 MST" duration-ms="892" status="PASS">
          <reporter-output>
          </reporter-output>
        </test-method> <!-- close -->
        <test-method is-config="true" signature="startUp()[pri:0, instance:com.testcases.AdminSearchTC@4c1d9d4b]" started-at="2020-05-26T13:58:20 MST" name="startUp" finished-at="2020-05-26T13:58:29 MST" duration-ms="8935" status="PASS">
          <reporter-output>
          </reporter-output>
        </test-method> <!-- startUp -->
        <test-method signature="AddSearch()[pri:2, instance:com.testcases.AdminSearchTC@4c1d9d4b]" started-at="2020-05-26T13:58:29 MST" name="AddSearch" finished-at="2020-05-26T13:58:32 MST" duration-ms="2863" status="PASS">
          <reporter-output>
          </reporter-output>
        </test-method> <!-- AddSearch -->
        <test-method is-config="true" signature="close()[pri:0, instance:com.testcases.AdminSearchTC@4c1d9d4b]" started-at="2020-05-26T13:58:32 MST" name="close" finished-at="2020-05-26T13:58:33 MST" duration-ms="748" status="PASS">
          <reporter-output>
          </reporter-output>
        </test-method> <!-- close -->
      </class> <!-- com.testcases.AdminSearchTC -->
    </test> <!-- Default test -->
  </suite> <!-- Default suite -->
</testng-results>
